# JRE version: OpenJDK Runtime Environment (15.0.1+9) (build 15.0.1+9-18)
# Java VM: OpenJDK 64-Bit Server VM (15.0.1+9-18, mixed mode, tiered, compressed oops, g1 gc, windows-amd64)
GC Precious Log:
 CPUs: 8 total, 8 available
 Memory: 16243M
 Large Page Support: Disabled
 NUMA Support: Disabled
 Compressed Oops: Enabled (Zero based)
 Heap Region Size: 2M
 Heap Min Capacity: 8M
 Heap Initial Capacity: 254M
 Heap Max Capacity: 4062M
 Pre-touch: Disabled
 Parallel Workers: 8
 Concurrent Workers: 2
 Concurrent Refinement Workers: 8
 Periodic GC: Disabled
Heap:
 garbage-first heap   total 133120K, used 63802K [0x0000000702200000, 0x0000000800000000)
  region size 2048K, 21 young (43008K), 4 survivors (8192K)
 Metaspace       used 71548K, capacity 72214K, committed 72528K, reserved 1114112K
  class space    used 8686K, capacity 8899K, committed 8960K, reserved 1048576K
GC Heap History (20 events):
Event: 4.055 GC heap before
{Heap before GC invocations=1 (full 0):
 garbage-first heap   total 260096K, used 22677K [0x0000000702200000, 0x0000000800000000)
  region size 2048K, 11 young (22528K), 2 survivors (4096K)
 Metaspace       used 19613K, capacity 19816K, committed 19968K, reserved 1067008K
  class space    used 2126K, capacity 2185K, committed 2304K, reserved 1048576K
}
Event: 4.079 GC heap after
{Heap after GC invocations=2 (full 0):
 garbage-first heap   total 260096K, used 7721K [0x0000000702200000, 0x0000000800000000)
  region size 2048K, 1 young (2048K), 1 survivors (2048K)
 Metaspace       used 19613K, capacity 19816K, committed 19968K, reserved 1067008K
  class space    used 2126K, capacity 2185K, committed 2304K, reserved 1048576K
}
Event: 4.247 GC heap before
{Heap before GC invocations=2 (full 0):
 garbage-first heap   total 260096K, used 11817K [0x0000000702200000, 0x0000000800000000)
  region size 2048K, 4 young (8192K), 1 survivors (2048K)
 Metaspace       used 20948K, capacity 21186K, committed 21296K, reserved 1069056K
  class space    used 2283K, capacity 2362K, committed 2432K, reserved 1048576K
}
Event: 4.249 GC heap after
{Heap after GC invocations=3 (full 0):
 garbage-first heap   total 260096K, used 7896K [0x0000000702200000, 0x0000000800000000)
  region size 2048K, 1 young (2048K), 1 survivors (2048K)
 Metaspace       used 20948K, capacity 21186K, committed 21296K, reserved 1069056K
  class space    used 2283K, capacity 2362K, committed 2432K, reserved 1048576K
}
Event: 5.983 GC heap before
{Heap before GC invocations=4 (full 0):
 garbage-first heap   total 40960K, used 30424K [0x0000000702200000, 0x0000000800000000)
  region size 2048K, 12 young (24576K), 1 survivors (2048K)
 Metaspace       used 26826K, capacity 27086K, committed 27312K, reserved 1073152K
  class space    used 2960K, capacity 3037K, committed 3072K, reserved 1048576K
}
Event: 6.015 GC heap after
{Heap after GC invocations=5 (full 0):
 garbage-first heap   total 40960K, used 9392K [0x0000000702200000, 0x0000000800000000)
  region size 2048K, 2 young (4096K), 2 survivors (4096K)
 Metaspace       used 26826K, capacity 27086K, committed 27312K, reserved 1073152K
  class space    used 2960K, capacity 3037K, committed 3072K, reserved 1048576K
}
Event: 8.692 GC heap before
{Heap before GC invocations=6 (full 0):
 garbage-first heap   total 40960K, used 23728K [0x0000000702200000, 0x0000000800000000)
  region size 2048K, 10 young (20480K), 2 survivors (4096K)
 Metaspace       used 29285K, capacity 29616K, committed 29744K, reserved 1075200K
  class space    used 3237K, capacity 3357K, committed 3456K, reserved 1048576K
}
Event: 8.736 GC heap after
{Heap after GC invocations=7 (full 0):
 garbage-first heap   total 40960K, used 11125K [0x0000000702200000, 0x0000000800000000)
  region size 2048K, 2 young (4096K), 2 survivors (4096K)
 Metaspace       used 29285K, capacity 29616K, committed 29744K, reserved 1075200K
  class space    used 3237K, capacity 3357K, committed 3456K, reserved 1048576K
}
Event: 9.111 GC heap before
{Heap before GC invocations=7 (full 0):
 garbage-first heap   total 40960K, used 23413K [0x0000000702200000, 0x0000000800000000)
  region size 2048K, 9 young (18432K), 2 survivors (4096K)
 Metaspace       used 29405K, capacity 29724K, committed 30000K, reserved 1075200K
  class space    used 3249K, capacity 3391K, committed 3456K, reserved 1048576K
}
Event: 9.149 GC heap after
{Heap after GC invocations=8 (full 0):
 garbage-first heap   total 151552K, used 11375K [0x0000000702200000, 0x0000000800000000)
  region size 2048K, 1 young (2048K), 1 survivors (2048K)
 Metaspace       used 29405K, capacity 29724K, committed 30000K, reserved 1075200K
  class space    used 3249K, capacity 3391K, committed 3456K, reserved 1048576K
}
Event: 14.799 GC heap before
{Heap before GC invocations=8 (full 0):
 garbage-first heap   total 151552K, used 91247K [0x0000000702200000, 0x0000000800000000)
  region size 2048K, 41 young (83968K), 1 survivors (2048K)
 Metaspace       used 37482K, capacity 37940K, committed 38192K, reserved 1083392K
  class space    used 4258K, capacity 4384K, committed 4480K, reserved 1048576K
}
Event: 14.864 GC heap after
{Heap after GC invocations=9 (full 0):
 garbage-first heap   total 151552K, used 17255K [0x0000000702200000, 0x0000000800000000)
  region size 2048K, 4 young (8192K), 4 survivors (8192K)
 Metaspace       used 37482K, capacity 37940K, committed 38192K, reserved 1083392K
  class space    used 4258K, capacity 4384K, committed 4480K, reserved 1048576K
}
Event: 19.710 GC heap before
{Heap before GC invocations=9 (full 0):
 garbage-first heap   total 151552K, used 97127K [0x0000000702200000, 0x0000000800000000)
  region size 2048K, 44 young (90112K), 4 survivors (8192K)
 Metaspace       used 44891K, capacity 45404K, committed 45520K, reserved 1089536K
  class space    used 5053K, capacity 5189K, committed 5248K, reserved 1048576K
}
Event: 19.801 GC heap after
{Heap after GC invocations=10 (full 0):
 garbage-first heap   total 151552K, used 23224K [0x0000000702200000, 0x0000000800000000)
  region size 2048K, 6 young (12288K), 6 survivors (12288K)
 Metaspace       used 44891K, capacity 45404K, committed 45520K, reserved 1089536K
  class space    used 5053K, capacity 5189K, committed 5248K, reserved 1048576K
}
Event: 19.823 GC heap before
{Heap before GC invocations=10 (full 0):
 garbage-first heap   total 151552K, used 23224K [0x0000000702200000, 0x0000000800000000)
  region size 2048K, 7 young (14336K), 6 survivors (12288K)
 Metaspace       used 44943K, capacity 45404K, committed 45520K, reserved 1089536K
  class space    used 5055K, capacity 5189K, committed 5248K, reserved 1048576K
}
Event: 19.871 GC heap after
{Heap after GC invocations=11 (full 0):
 garbage-first heap   total 151552K, used 24058K [0x0000000702200000, 0x0000000800000000)
  region size 2048K, 4 young (8192K), 4 survivors (8192K)
 Metaspace       used 44943K, capacity 45404K, committed 45520K, reserved 1089536K
  class space    used 5055K, capacity 5189K, committed 5248K, reserved 1048576K
}
Event: 24.167 GC heap before
{Heap before GC invocations=12 (full 0):
 garbage-first heap   total 102400K, used 77306K [0x0000000702200000, 0x0000000800000000)
  region size 2048K, 30 young (61440K), 4 survivors (8192K)
 Metaspace       used 57681K, capacity 58215K, committed 58576K, reserved 1101824K
  class space    used 7033K, capacity 7188K, committed 7296K, reserved 1048576K
}
Event: 24.210 GC heap after
{Heap after GC invocations=13 (full 0):
 garbage-first heap   total 133120K, used 26437K [0x0000000702200000, 0x0000000800000000)
  region size 2048K, 2 young (4096K), 2 survivors (4096K)
 Metaspace       used 57681K, capacity 58215K, committed 58576K, reserved 1101824K
  class space    used 7033K, capacity 7188K, committed 7296K, reserved 1048576K
}
Event: 30.677 GC heap before
{Heap before GC invocations=13 (full 0):
 garbage-first heap   total 133120K, used 98117K [0x0000000702200000, 0x0000000800000000)
  region size 2048K, 37 young (75776K), 2 survivors (4096K)
 Metaspace       used 66731K, capacity 67294K, committed 67536K, reserved 1107968K
  class space    used 8124K, capacity 8291K, committed 8320K, reserved 1048576K
}
Event: 30.701 GC heap after
{Heap after GC invocations=14 (full 0):
 garbage-first heap   total 133120K, used 31034K [0x0000000702200000, 0x0000000800000000)
  region size 2048K, 4 young (8192K), 4 survivors (8192K)
 Metaspace       used 66731K, capacity 67294K, committed 67536K, reserved 1107968K
  class space    used 8124K, capacity 8291K, committed 8320K, reserved 1048576K
}

